mode: set
github.com/fsm/fsm/intent.go:35.69,37.46 1 1
github.com/fsm/fsm/intent.go:93.2,93.19 1 1
github.com/fsm/fsm/intent.go:37.46,45.23 5 1
github.com/fsm/fsm/intent.go:50.3,55.42 4 1
github.com/fsm/fsm/intent.go:60.3,60.30 1 1
github.com/fsm/fsm/intent.go:89.3,89.26 1 1
github.com/fsm/fsm/intent.go:45.23,46.12 1 1
github.com/fsm/fsm/intent.go:55.42,57.4 1 1
github.com/fsm/fsm/intent.go:60.30,65.33 3 1
github.com/fsm/fsm/intent.go:85.4,85.33 1 1
github.com/fsm/fsm/intent.go:65.33,67.45 2 1
github.com/fsm/fsm/intent.go:74.5,74.15 1 1
github.com/fsm/fsm/intent.go:67.45,69.37 2 1
github.com/fsm/fsm/intent.go:69.37,71.12 2 1
github.com/fsm/fsm/intent.go:74.15,75.24 1 1
github.com/fsm/fsm/intent.go:77.5,79.38 1 1
github.com/fsm/fsm/intent.go:79.38,80.24 1 1
github.com/fsm/fsm/util.go:21.38,23.2 1 1
github.com/fsm/fsm/util.go:26.54,28.42 2 1
github.com/fsm/fsm/util.go:31.2,31.17 1 1
github.com/fsm/fsm/util.go:28.42,30.3 1 1
github.com/fsm/fsm/util.go:35.153,39.16 3 0
github.com/fsm/fsm/util.go:47.2,48.18 2 0
github.com/fsm/fsm/util.go:53.2,54.19 2 0
github.com/fsm/fsm/util.go:39.16,44.3 4 0
github.com/fsm/fsm/util.go:48.18,50.3 1 0
github.com/fsm/fsm/util.go:54.19,56.22 2 0
github.com/fsm/fsm/util.go:56.22,59.4 2 0
github.com/fsm/fsm/util.go:59.4,61.4 1 0
github.com/fsm/fsm/util.go:62.3,64.3 1 0
github.com/fsm/fsm/util.go:67.102,69.16 2 0
github.com/fsm/fsm/util.go:75.2,76.32 2 0
github.com/fsm/fsm/util.go:80.2,80.12 1 0
github.com/fsm/fsm/util.go:69.16,71.3 1 0
github.com/fsm/fsm/util.go:76.32,79.3 2 0
